<?xml version="1.0" encoding="UTF-8"?>

<!--
  ~ Copyright The WildFly Authors
  ~ SPDX-License-Identifier: Apache-2.0
  -->

<module xmlns="urn:jboss:module:1.5" name="test.module-accessibility">

    <resources>
        <resource-root path="module-accessibility.jar"/>
    </resources>

    <dependencies>
        <module name="jakarta.enterprise.api"/>
        <module name="jakarta.inject.api"/>
        <module name="org.jboss.weld.core"/>
        <module name="org.jboss.weld.spi"/>
    </dependencies>
</module>
