<?xml version='1.0' encoding='UTF-8'?>

<!--
  ~ Copyright The WildFly Authors
  ~ SPDX-License-Identifier: Apache-2.0
  -->

<server xmlns="urn:jboss:domain:20.0">

    <extensions>
        <?EXTENSIONS?>
    </extensions>

    <profile>

        <?SUBSYSTEMS socket-binding-group="standard-sockets"?>

    </profile>


    <socket-binding-group name="standard-sockets" default-interface="public" port-offset="${jboss.socket.binding.port-offset:0}">

        <?SOCKET-BINDINGS?>

    </socket-binding-group>
</server>
